<?xml version="1.0" encoding="UTF-8"?>
<!-- Generated by org.testng.reporters.JUnitReportReporter -->
<testsuite hostname="DESKTOP-R5GDS62" name="Frame.QLThongTinKhoTest" tests="2" failures="0" timestamp="18 Jun 2020 08:39:07 GMT" time="14.402" errors="0">
  <testcase name="Test2qlk_btnAdd" time="9.794" classname="Frame.QLThongTinKhoTest"/>
  <testcase name="Test1qlk_btnClear" time="4.608" classname="Frame.QLThongTinKhoTest"/>
</testsuite> <!-- Frame.QLThongTinKhoTest -->
